2020-09-13 18:39:42.330  INFO 35124 --- [main] c.mdrscr.ftpksei.ScrftpkseiApplication   : Starting ScrftpkseiApplication on FransMr with PID 35124 (D:\Workspace\STS-ws\scrftpksei\target\classes started by FransMa in D:\Workspace\STS-ws\scrftpksei)
2020-09-13 18:39:42.335  INFO 35124 --- [main] c.mdrscr.ftpksei.ScrftpkseiApplication   : No active profile set, falling back to default profiles: default
2020-09-13 18:39:43.042  INFO 35124 --- [main] .s.d.r.c.RepositoryConfigurationDelegate : Bootstrapping Spring Data JPA repositories in DEFERRED mode.
2020-09-13 18:39:43.155  INFO 35124 --- [main] .s.d.r.c.RepositoryConfigurationDelegate : Finished Spring Data repository scanning in 103ms. Found 8 JPA repository interfaces.
2020-09-13 18:39:43.674  INFO 35124 --- [main] o.s.b.w.embedded.tomcat.TomcatWebServer  : Tomcat initialized with port(s): 8080 (http)
2020-09-13 18:39:43.683  INFO 35124 --- [main] o.apache.catalina.core.StandardService   : Starting service [Tomcat]
2020-09-13 18:39:43.683  INFO 35124 --- [main] org.apache.catalina.core.StandardEngine  : Starting Servlet engine: [Apache Tomcat/9.0.36]
2020-09-13 18:39:43.781  INFO 35124 --- [main] o.a.c.c.C.[Tomcat].[localhost].[/scrp]   : Initializing Spring embedded WebApplicationContext
2020-09-13 18:39:43.782  INFO 35124 --- [main] w.s.c.ServletWebServerApplicationContext : Root WebApplicationContext: initialization completed in 1387 ms
2020-09-13 18:39:43.970  INFO 35124 --- [main] o.s.s.concurrent.ThreadPoolTaskExecutor  : Initializing ExecutorService 'applicationTaskExecutor'
2020-09-13 18:39:43.978  INFO 35124 --- [main] o.s.s.c.ThreadPoolTaskScheduler          : Initializing ExecutorService 'taskScheduler'
2020-09-13 18:39:43.986  INFO 35124 --- [main] com.zaxxer.hikari.HikariDataSource       : HikariPool-1 - Starting...
2020-09-13 18:39:44.365  INFO 35124 --- [main] com.zaxxer.hikari.HikariDataSource       : HikariPool-1 - Start completed.
2020-09-13 18:39:44.409  INFO 35124 --- [task-1] o.hibernate.jpa.internal.util.LogHelper  : HHH000204: Processing PersistenceUnitInfo [name: default]
2020-09-13 18:39:44.463  INFO 35124 --- [task-1] org.hibernate.Version                    : HHH000412: Hibernate ORM core version 5.4.17.Final
2020-09-13 18:39:44.623  INFO 35124 --- [task-1] o.hibernate.annotations.common.Version   : HCANN000001: Hibernate Commons Annotations {5.1.0.Final}
2020-09-13 18:39:44.720  INFO 35124 --- [task-1] org.hibernate.dialect.Dialect            : HHH000400: Using dialect: org.hibernate.dialect.Oracle12cDialect
2020-09-13 18:39:45.688  INFO 35124 --- [task-1] o.h.e.t.j.p.i.JtaPlatformInitiator       : HHH000490: Using JtaPlatform implementation: [org.hibernate.engine.transaction.jta.platform.internal.NoJtaPlatform]
2020-09-13 18:39:45.698  INFO 35124 --- [task-1] j.LocalContainerEntityManagerFactoryBean : Initialized JPA EntityManagerFactory for persistence unit 'default'
2020-09-13 18:39:46.208  WARN 35124 --- [main] JpaBaseConfiguration$JpaWebConfiguration : spring.jpa.open-in-view is enabled by default. Therefore, database queries may be performed during view rendering. Explicitly configure spring.jpa.open-in-view to disable this warning
2020-09-13 18:39:46.541  INFO 35124 --- [main] o.s.b.w.embedded.tomcat.TomcatWebServer  : Tomcat started on port(s): 8080 (http) with context path '/scrp'
2020-09-13 18:39:46.544  INFO 35124 --- [main] DeferredRepositoryInitializationListener : Triggering deferred initialization of Spring Data repositories…
2020-09-13 18:39:46.750  INFO 35124 --- [main] DeferredRepositoryInitializationListener : Spring Data repositories initialized!
2020-09-13 18:39:46.762  INFO 35124 --- [main] c.mdrscr.ftpksei.ScrftpkseiApplication   : Started ScrftpkseiApplication in 4.937 seconds (JVM running for 6.41)
2020-09-13 18:39:50.643  INFO 35124 --- [RMI TCP Connection(7)-127.0.0.1] inMXBeanRegistrar$SpringApplicationAdmin : Application shutdown requested.
2020-09-13 18:39:51.469  INFO 35124 --- [RMI TCP Connection(7)-127.0.0.1] j.LocalContainerEntityManagerFactoryBean : Closing JPA EntityManagerFactory for persistence unit 'default'
2020-09-13 18:39:51.474  INFO 35124 --- [RMI TCP Connection(7)-127.0.0.1] o.s.s.c.ThreadPoolTaskScheduler          : Shutting down ExecutorService 'taskScheduler'
2020-09-13 18:39:51.476  INFO 35124 --- [RMI TCP Connection(7)-127.0.0.1] o.s.s.concurrent.ThreadPoolTaskExecutor  : Shutting down ExecutorService 'applicationTaskExecutor'
2020-09-13 18:39:51.477  INFO 35124 --- [RMI TCP Connection(7)-127.0.0.1] com.zaxxer.hikari.HikariDataSource       : HikariPool-1 - Shutdown initiated...
2020-09-13 18:39:52.541  INFO 35124 --- [RMI TCP Connection(7)-127.0.0.1] com.zaxxer.hikari.HikariDataSource       : HikariPool-1 - Shutdown completed.
2020-09-13 20:47:28.251  INFO 32600 --- [main] c.mdrscr.ftpksei.ScrftpkseiApplication   : Starting ScrftpkseiApplication on FransMr with PID 32600 (D:\Workspace\STS-ws\scrftpksei\target\classes started by FransMa in D:\Workspace\STS-ws\scrftpksei)
2020-09-13 20:47:28.255  INFO 32600 --- [main] c.mdrscr.ftpksei.ScrftpkseiApplication   : No active profile set, falling back to default profiles: default
2020-09-13 20:47:29.072  INFO 32600 --- [main] .s.d.r.c.RepositoryConfigurationDelegate : Bootstrapping Spring Data JPA repositories in DEFERRED mode.
2020-09-13 20:47:29.171  INFO 32600 --- [main] .s.d.r.c.RepositoryConfigurationDelegate : Finished Spring Data repository scanning in 90ms. Found 8 JPA repository interfaces.
2020-09-13 20:47:29.707  INFO 32600 --- [main] o.s.b.w.embedded.tomcat.TomcatWebServer  : Tomcat initialized with port(s): 8080 (http)
2020-09-13 20:47:29.716  INFO 32600 --- [main] o.apache.catalina.core.StandardService   : Starting service [Tomcat]
2020-09-13 20:47:29.716  INFO 32600 --- [main] org.apache.catalina.core.StandardEngine  : Starting Servlet engine: [Apache Tomcat/9.0.36]
2020-09-13 20:47:29.828  INFO 32600 --- [main] o.a.c.c.C.[Tomcat].[localhost].[/scrp]   : Initializing Spring embedded WebApplicationContext
2020-09-13 20:47:29.828  INFO 32600 --- [main] w.s.c.ServletWebServerApplicationContext : Root WebApplicationContext: initialization completed in 1525 ms
2020-09-13 20:47:30.045  INFO 32600 --- [main] o.s.s.concurrent.ThreadPoolTaskExecutor  : Initializing ExecutorService 'applicationTaskExecutor'
2020-09-13 20:47:30.055  INFO 32600 --- [main] o.s.s.c.ThreadPoolTaskScheduler          : Initializing ExecutorService 'taskScheduler'
2020-09-13 20:47:30.076  INFO 32600 --- [main] com.zaxxer.hikari.HikariDataSource       : HikariPool-1 - Starting...
2020-09-13 20:47:30.443  INFO 32600 --- [main] com.zaxxer.hikari.HikariDataSource       : HikariPool-1 - Start completed.
2020-09-13 20:47:30.495  INFO 32600 --- [task-1] o.hibernate.jpa.internal.util.LogHelper  : HHH000204: Processing PersistenceUnitInfo [name: default]
2020-09-13 20:47:30.495  WARN 32600 --- [main] ConfigServletWebServerApplicationContext : Exception encountered during context initialization - cancelling refresh attempt: org.springframework.beans.factory.BeanCreationException: Error creating bean with name 'homeController' defined in file [D:\Workspace\STS-ws\scrftpksei\target\classes\com\mdrscr\ftpksei\controller\HomeController.class]: Instantiation of bean failed; nested exception is java.lang.ExceptionInInitializerError
2020-09-13 20:47:30.495  INFO 32600 --- [main] j.LocalContainerEntityManagerFactoryBean : Closing JPA EntityManagerFactory for persistence unit 'default'
2020-09-13 20:47:30.536  INFO 32600 --- [task-1] org.hibernate.Version                    : HHH000412: Hibernate ORM core version 5.4.17.Final
2020-09-13 20:47:30.729  INFO 32600 --- [task-1] o.hibernate.annotations.common.Version   : HCANN000001: Hibernate Commons Annotations {5.1.0.Final}
2020-09-13 20:47:30.863  INFO 32600 --- [task-1] org.hibernate.dialect.Dialect            : HHH000400: Using dialect: org.hibernate.dialect.Oracle12cDialect
2020-09-13 20:47:32.013  INFO 32600 --- [task-1] o.h.e.t.j.p.i.JtaPlatformInitiator       : HHH000490: Using JtaPlatform implementation: [org.hibernate.engine.transaction.jta.platform.internal.NoJtaPlatform]
2020-09-13 20:47:32.022  INFO 32600 --- [task-1] j.LocalContainerEntityManagerFactoryBean : Initialized JPA EntityManagerFactory for persistence unit 'default'
2020-09-13 20:47:32.026  INFO 32600 --- [main] o.s.s.c.ThreadPoolTaskScheduler          : Shutting down ExecutorService 'taskScheduler'
2020-09-13 20:47:32.026  INFO 32600 --- [main] o.s.s.concurrent.ThreadPoolTaskExecutor  : Shutting down ExecutorService 'applicationTaskExecutor'
2020-09-13 20:47:32.027  INFO 32600 --- [main] com.zaxxer.hikari.HikariDataSource       : HikariPool-1 - Shutdown initiated...
2020-09-13 20:47:32.267  INFO 32600 --- [main] com.zaxxer.hikari.HikariDataSource       : HikariPool-1 - Shutdown completed.
2020-09-13 20:47:32.269  INFO 32600 --- [main] o.apache.catalina.core.StandardService   : Stopping service [Tomcat]
2020-09-13 20:47:32.283  INFO 32600 --- [main] ConditionEvaluationReportLoggingListener : 

Error starting ApplicationContext. To display the conditions report re-run your application with 'debug' enabled.
2020-09-13 20:47:32.296 ERROR 32600 --- [main] o.s.boot.SpringApplication               : Application run failed

org.springframework.beans.factory.BeanCreationException: Error creating bean with name 'homeController' defined in file [D:\Workspace\STS-ws\scrftpksei\target\classes\com\mdrscr\ftpksei\controller\HomeController.class]: Instantiation of bean failed; nested exception is java.lang.ExceptionInInitializerError
	at org.springframework.beans.factory.support.AbstractAutowireCapableBeanFactory.instantiateBean(AbstractAutowireCapableBeanFactory.java:1320) ~[spring-beans-5.2.7.RELEASE.jar:5.2.7.RELEASE]
	at org.springframework.beans.factory.support.AbstractAutowireCapableBeanFactory.createBeanInstance(AbstractAutowireCapableBeanFactory.java:1214) ~[spring-beans-5.2.7.RELEASE.jar:5.2.7.RELEASE]
	at org.springframework.beans.factory.support.AbstractAutowireCapableBeanFactory.doCreateBean(AbstractAutowireCapableBeanFactory.java:557) ~[spring-beans-5.2.7.RELEASE.jar:5.2.7.RELEASE]
	at org.springframework.beans.factory.support.AbstractAutowireCapableBeanFactory.createBean(AbstractAutowireCapableBeanFactory.java:517) ~[spring-beans-5.2.7.RELEASE.jar:5.2.7.RELEASE]
	at org.springframework.beans.factory.support.AbstractBeanFactory.lambda$doGetBean$0(AbstractBeanFactory.java:323) ~[spring-beans-5.2.7.RELEASE.jar:5.2.7.RELEASE]
	at org.springframework.beans.factory.support.DefaultSingletonBeanRegistry.getSingleton(DefaultSingletonBeanRegistry.java:226) ~[spring-beans-5.2.7.RELEASE.jar:5.2.7.RELEASE]
	at org.springframework.beans.factory.support.AbstractBeanFactory.doGetBean(AbstractBeanFactory.java:321) ~[spring-beans-5.2.7.RELEASE.jar:5.2.7.RELEASE]
	at org.springframework.beans.factory.support.AbstractBeanFactory.getBean(AbstractBeanFactory.java:202) ~[spring-beans-5.2.7.RELEASE.jar:5.2.7.RELEASE]
	at org.springframework.beans.factory.support.DefaultListableBeanFactory.preInstantiateSingletons(DefaultListableBeanFactory.java:893) ~[spring-beans-5.2.7.RELEASE.jar:5.2.7.RELEASE]
	at org.springframework.context.support.AbstractApplicationContext.finishBeanFactoryInitialization(AbstractApplicationContext.java:879) ~[spring-context-5.2.7.RELEASE.jar:5.2.7.RELEASE]
	at org.springframework.context.support.AbstractApplicationContext.refresh(AbstractApplicationContext.java:551) ~[spring-context-5.2.7.RELEASE.jar:5.2.7.RELEASE]
	at org.springframework.boot.web.servlet.context.ServletWebServerApplicationContext.refresh(ServletWebServerApplicationContext.java:143) ~[spring-boot-2.3.1.RELEASE.jar:2.3.1.RELEASE]
	at org.springframework.boot.SpringApplication.refresh(SpringApplication.java:758) [spring-boot-2.3.1.RELEASE.jar:2.3.1.RELEASE]
	at org.springframework.boot.SpringApplication.refresh(SpringApplication.java:750) [spring-boot-2.3.1.RELEASE.jar:2.3.1.RELEASE]
	at org.springframework.boot.SpringApplication.refreshContext(SpringApplication.java:397) [spring-boot-2.3.1.RELEASE.jar:2.3.1.RELEASE]
	at org.springframework.boot.SpringApplication.run(SpringApplication.java:315) [spring-boot-2.3.1.RELEASE.jar:2.3.1.RELEASE]
	at org.springframework.boot.SpringApplication.run(SpringApplication.java:1237) [spring-boot-2.3.1.RELEASE.jar:2.3.1.RELEASE]
	at org.springframework.boot.SpringApplication.run(SpringApplication.java:1226) [spring-boot-2.3.1.RELEASE.jar:2.3.1.RELEASE]
	at com.mdrscr.ftpksei.ScrftpkseiApplication.main(ScrftpkseiApplication.java:14) [classes/:na]
Caused by: java.lang.ExceptionInInitializerError: null
	at sun.reflect.NativeConstructorAccessorImpl.newInstance0(Native Method) ~[na:1.8.0_222]
	at sun.reflect.NativeConstructorAccessorImpl.newInstance(NativeConstructorAccessorImpl.java:62) ~[na:1.8.0_222]
	at sun.reflect.DelegatingConstructorAccessorImpl.newInstance(DelegatingConstructorAccessorImpl.java:45) ~[na:1.8.0_222]
	at java.lang.reflect.Constructor.newInstance(Constructor.java:423) ~[na:1.8.0_222]
	at org.springframework.beans.BeanUtils.instantiateClass(BeanUtils.java:204) ~[spring-beans-5.2.7.RELEASE.jar:5.2.7.RELEASE]
	at org.springframework.beans.factory.support.SimpleInstantiationStrategy.instantiate(SimpleInstantiationStrategy.java:87) ~[spring-beans-5.2.7.RELEASE.jar:5.2.7.RELEASE]
	at org.springframework.beans.factory.support.AbstractAutowireCapableBeanFactory.instantiateBean(AbstractAutowireCapableBeanFactory.java:1312) ~[spring-beans-5.2.7.RELEASE.jar:5.2.7.RELEASE]
	... 18 common frames omitted
Caused by: java.time.DateTimeException: Field DayOfYear cannot be printed as the value 256 exceeds the maximum print width of 2
	at java.time.format.DateTimeFormatterBuilder$NumberPrinterParser.format(DateTimeFormatterBuilder.java:2559) ~[na:1.8.0_222]
	at java.time.format.DateTimeFormatterBuilder$CompositePrinterParser.format(DateTimeFormatterBuilder.java:2190) ~[na:1.8.0_222]
	at java.time.format.DateTimeFormatter.formatTo(DateTimeFormatter.java:1746) ~[na:1.8.0_222]
	at java.time.format.DateTimeFormatter.format(DateTimeFormatter.java:1720) ~[na:1.8.0_222]
	at com.mdrscr.ftpksei.controller.HomeController.<clinit>(HomeController.java:50) ~[classes/:na]
	... 25 common frames omitted

2020-09-13 20:51:27.158  INFO 10820 --- [main] c.mdrscr.ftpksei.ScrftpkseiApplication   : Starting ScrftpkseiApplication on FransMr with PID 10820 (D:\Workspace\STS-ws\scrftpksei\target\classes started by FransMa in D:\Workspace\STS-ws\scrftpksei)
2020-09-13 20:51:27.161  INFO 10820 --- [main] c.mdrscr.ftpksei.ScrftpkseiApplication   : No active profile set, falling back to default profiles: default
2020-09-13 20:51:27.992  INFO 10820 --- [main] .s.d.r.c.RepositoryConfigurationDelegate : Bootstrapping Spring Data JPA repositories in DEFERRED mode.
2020-09-13 20:51:28.099  INFO 10820 --- [main] .s.d.r.c.RepositoryConfigurationDelegate : Finished Spring Data repository scanning in 96ms. Found 8 JPA repository interfaces.
2020-09-13 20:51:28.768  INFO 10820 --- [main] o.s.b.w.embedded.tomcat.TomcatWebServer  : Tomcat initialized with port(s): 8080 (http)
2020-09-13 20:51:28.778  INFO 10820 --- [main] o.apache.catalina.core.StandardService   : Starting service [Tomcat]
2020-09-13 20:51:28.778  INFO 10820 --- [main] org.apache.catalina.core.StandardEngine  : Starting Servlet engine: [Apache Tomcat/9.0.36]
2020-09-13 20:51:28.906  INFO 10820 --- [main] o.a.c.c.C.[Tomcat].[localhost].[/scrp]   : Initializing Spring embedded WebApplicationContext
2020-09-13 20:51:28.907  INFO 10820 --- [main] w.s.c.ServletWebServerApplicationContext : Root WebApplicationContext: initialization completed in 1699 ms
2020-09-13 20:51:29.176  INFO 10820 --- [main] o.s.s.concurrent.ThreadPoolTaskExecutor  : Initializing ExecutorService 'applicationTaskExecutor'
2020-09-13 20:51:29.189  INFO 10820 --- [main] o.s.s.c.ThreadPoolTaskScheduler          : Initializing ExecutorService 'taskScheduler'
2020-09-13 20:51:29.202  INFO 10820 --- [main] com.zaxxer.hikari.HikariDataSource       : HikariPool-1 - Starting...
2020-09-13 20:51:29.624  INFO 10820 --- [main] com.zaxxer.hikari.HikariDataSource       : HikariPool-1 - Start completed.
2020-09-13 20:51:29.703  INFO 10820 --- [task-1] o.hibernate.jpa.internal.util.LogHelper  : HHH000204: Processing PersistenceUnitInfo [name: default]
2020-09-13 20:51:29.766  INFO 10820 --- [task-1] org.hibernate.Version                    : HHH000412: Hibernate ORM core version 5.4.17.Final
2020-09-13 20:51:29.994  INFO 10820 --- [task-1] o.hibernate.annotations.common.Version   : HCANN000001: Hibernate Commons Annotations {5.1.0.Final}
2020-09-13 20:51:30.136  INFO 10820 --- [task-1] org.hibernate.dialect.Dialect            : HHH000400: Using dialect: org.hibernate.dialect.Oracle12cDialect
2020-09-13 20:51:31.294  INFO 10820 --- [task-1] o.h.e.t.j.p.i.JtaPlatformInitiator       : HHH000490: Using JtaPlatform implementation: [org.hibernate.engine.transaction.jta.platform.internal.NoJtaPlatform]
2020-09-13 20:51:31.304  INFO 10820 --- [task-1] j.LocalContainerEntityManagerFactoryBean : Initialized JPA EntityManagerFactory for persistence unit 'default'
2020-09-13 20:51:31.938  WARN 10820 --- [main] ConfigServletWebServerApplicationContext : Exception encountered during context initialization - cancelling refresh attempt: org.springframework.beans.factory.BeanCreationException: Error creating bean with name 'scheduledTasks' defined in file [D:\Workspace\STS-ws\scrftpksei\target\classes\com\mdrscr\ftpksei\scheduler\ScheduledTasks.class]: Instantiation of bean failed; nested exception is java.lang.ExceptionInInitializerError
2020-09-13 20:51:31.939  INFO 10820 --- [main] j.LocalContainerEntityManagerFactoryBean : Closing JPA EntityManagerFactory for persistence unit 'default'
2020-09-13 20:51:31.941  INFO 10820 --- [main] o.s.s.c.ThreadPoolTaskScheduler          : Shutting down ExecutorService 'taskScheduler'
2020-09-13 20:51:31.942  INFO 10820 --- [main] o.s.s.concurrent.ThreadPoolTaskExecutor  : Shutting down ExecutorService 'applicationTaskExecutor'
2020-09-13 20:51:31.943  INFO 10820 --- [main] com.zaxxer.hikari.HikariDataSource       : HikariPool-1 - Shutdown initiated...
2020-09-13 20:51:32.114  INFO 10820 --- [main] com.zaxxer.hikari.HikariDataSource       : HikariPool-1 - Shutdown completed.
2020-09-13 20:51:32.117  INFO 10820 --- [main] o.apache.catalina.core.StandardService   : Stopping service [Tomcat]
2020-09-13 20:51:32.130  INFO 10820 --- [main] ConditionEvaluationReportLoggingListener : 

Error starting ApplicationContext. To display the conditions report re-run your application with 'debug' enabled.
2020-09-13 20:51:32.144 ERROR 10820 --- [main] o.s.boot.SpringApplication               : Application run failed

org.springframework.beans.factory.BeanCreationException: Error creating bean with name 'scheduledTasks' defined in file [D:\Workspace\STS-ws\scrftpksei\target\classes\com\mdrscr\ftpksei\scheduler\ScheduledTasks.class]: Instantiation of bean failed; nested exception is java.lang.ExceptionInInitializerError
	at org.springframework.beans.factory.support.AbstractAutowireCapableBeanFactory.instantiateBean(AbstractAutowireCapableBeanFactory.java:1320) ~[spring-beans-5.2.7.RELEASE.jar:5.2.7.RELEASE]
	at org.springframework.beans.factory.support.AbstractAutowireCapableBeanFactory.createBeanInstance(AbstractAutowireCapableBeanFactory.java:1214) ~[spring-beans-5.2.7.RELEASE.jar:5.2.7.RELEASE]
	at org.springframework.beans.factory.support.AbstractAutowireCapableBeanFactory.doCreateBean(AbstractAutowireCapableBeanFactory.java:557) ~[spring-beans-5.2.7.RELEASE.jar:5.2.7.RELEASE]
	at org.springframework.beans.factory.support.AbstractAutowireCapableBeanFactory.createBean(AbstractAutowireCapableBeanFactory.java:517) ~[spring-beans-5.2.7.RELEASE.jar:5.2.7.RELEASE]
	at org.springframework.beans.factory.support.AbstractBeanFactory.lambda$doGetBean$0(AbstractBeanFactory.java:323) ~[spring-beans-5.2.7.RELEASE.jar:5.2.7.RELEASE]
	at org.springframework.beans.factory.support.DefaultSingletonBeanRegistry.getSingleton(DefaultSingletonBeanRegistry.java:226) ~[spring-beans-5.2.7.RELEASE.jar:5.2.7.RELEASE]
	at org.springframework.beans.factory.support.AbstractBeanFactory.doGetBean(AbstractBeanFactory.java:321) ~[spring-beans-5.2.7.RELEASE.jar:5.2.7.RELEASE]
	at org.springframework.beans.factory.support.AbstractBeanFactory.getBean(AbstractBeanFactory.java:202) ~[spring-beans-5.2.7.RELEASE.jar:5.2.7.RELEASE]
	at org.springframework.beans.factory.support.DefaultListableBeanFactory.preInstantiateSingletons(DefaultListableBeanFactory.java:893) ~[spring-beans-5.2.7.RELEASE.jar:5.2.7.RELEASE]
	at org.springframework.context.support.AbstractApplicationContext.finishBeanFactoryInitialization(AbstractApplicationContext.java:879) ~[spring-context-5.2.7.RELEASE.jar:5.2.7.RELEASE]
	at org.springframework.context.support.AbstractApplicationContext.refresh(AbstractApplicationContext.java:551) ~[spring-context-5.2.7.RELEASE.jar:5.2.7.RELEASE]
	at org.springframework.boot.web.servlet.context.ServletWebServerApplicationContext.refresh(ServletWebServerApplicationContext.java:143) ~[spring-boot-2.3.1.RELEASE.jar:2.3.1.RELEASE]
	at org.springframework.boot.SpringApplication.refresh(SpringApplication.java:758) [spring-boot-2.3.1.RELEASE.jar:2.3.1.RELEASE]
	at org.springframework.boot.SpringApplication.refresh(SpringApplication.java:750) [spring-boot-2.3.1.RELEASE.jar:2.3.1.RELEASE]
	at org.springframework.boot.SpringApplication.refreshContext(SpringApplication.java:397) [spring-boot-2.3.1.RELEASE.jar:2.3.1.RELEASE]
	at org.springframework.boot.SpringApplication.run(SpringApplication.java:315) [spring-boot-2.3.1.RELEASE.jar:2.3.1.RELEASE]
	at org.springframework.boot.SpringApplication.run(SpringApplication.java:1237) [spring-boot-2.3.1.RELEASE.jar:2.3.1.RELEASE]
	at org.springframework.boot.SpringApplication.run(SpringApplication.java:1226) [spring-boot-2.3.1.RELEASE.jar:2.3.1.RELEASE]
	at com.mdrscr.ftpksei.ScrftpkseiApplication.main(ScrftpkseiApplication.java:14) [classes/:na]
Caused by: java.lang.ExceptionInInitializerError: null
	at sun.reflect.NativeConstructorAccessorImpl.newInstance0(Native Method) ~[na:1.8.0_222]
	at sun.reflect.NativeConstructorAccessorImpl.newInstance(NativeConstructorAccessorImpl.java:62) ~[na:1.8.0_222]
	at sun.reflect.DelegatingConstructorAccessorImpl.newInstance(DelegatingConstructorAccessorImpl.java:45) ~[na:1.8.0_222]
	at java.lang.reflect.Constructor.newInstance(Constructor.java:423) ~[na:1.8.0_222]
	at org.springframework.beans.BeanUtils.instantiateClass(BeanUtils.java:204) ~[spring-beans-5.2.7.RELEASE.jar:5.2.7.RELEASE]
	at org.springframework.beans.factory.support.SimpleInstantiationStrategy.instantiate(SimpleInstantiationStrategy.java:87) ~[spring-beans-5.2.7.RELEASE.jar:5.2.7.RELEASE]
	at org.springframework.beans.factory.support.AbstractAutowireCapableBeanFactory.instantiateBean(AbstractAutowireCapableBeanFactory.java:1312) ~[spring-beans-5.2.7.RELEASE.jar:5.2.7.RELEASE]
	... 18 common frames omitted
Caused by: java.time.DateTimeException: Field DayOfYear cannot be printed as the value 256 exceeds the maximum print width of 2
	at java.time.format.DateTimeFormatterBuilder$NumberPrinterParser.format(DateTimeFormatterBuilder.java:2559) ~[na:1.8.0_222]
	at java.time.format.DateTimeFormatterBuilder$CompositePrinterParser.format(DateTimeFormatterBuilder.java:2190) ~[na:1.8.0_222]
	at java.time.format.DateTimeFormatter.formatTo(DateTimeFormatter.java:1746) ~[na:1.8.0_222]
	at java.time.format.DateTimeFormatter.format(DateTimeFormatter.java:1720) ~[na:1.8.0_222]
	at com.mdrscr.ftpksei.scheduler.ScheduledTasks.<clinit>(ScheduledTasks.java:26) ~[classes/:na]
	... 25 common frames omitted

2020-09-13 20:51:50.977  INFO 7184 --- [main] c.mdrscr.ftpksei.ScrftpkseiApplication   : Starting ScrftpkseiApplication on FransMr with PID 7184 (D:\Workspace\STS-ws\scrftpksei\target\classes started by FransMa in D:\Workspace\STS-ws\scrftpksei)
2020-09-13 20:51:50.980  INFO 7184 --- [main] c.mdrscr.ftpksei.ScrftpkseiApplication   : No active profile set, falling back to default profiles: default
2020-09-13 20:51:51.802  INFO 7184 --- [main] .s.d.r.c.RepositoryConfigurationDelegate : Bootstrapping Spring Data JPA repositories in DEFERRED mode.
2020-09-13 20:51:51.923  INFO 7184 --- [main] .s.d.r.c.RepositoryConfigurationDelegate : Finished Spring Data repository scanning in 111ms. Found 8 JPA repository interfaces.
2020-09-13 20:51:52.552  INFO 7184 --- [main] o.s.b.w.embedded.tomcat.TomcatWebServer  : Tomcat initialized with port(s): 8080 (http)
2020-09-13 20:51:52.567  INFO 7184 --- [main] o.apache.catalina.core.StandardService   : Starting service [Tomcat]
2020-09-13 20:51:52.567  INFO 7184 --- [main] org.apache.catalina.core.StandardEngine  : Starting Servlet engine: [Apache Tomcat/9.0.36]
2020-09-13 20:51:52.707  INFO 7184 --- [main] o.a.c.c.C.[Tomcat].[localhost].[/scrp]   : Initializing Spring embedded WebApplicationContext
2020-09-13 20:51:52.708  INFO 7184 --- [main] w.s.c.ServletWebServerApplicationContext : Root WebApplicationContext: initialization completed in 1682 ms
2020-09-13 20:51:52.967  INFO 7184 --- [main] o.s.s.concurrent.ThreadPoolTaskExecutor  : Initializing ExecutorService 'applicationTaskExecutor'
2020-09-13 20:51:52.982  INFO 7184 --- [main] o.s.s.c.ThreadPoolTaskScheduler          : Initializing ExecutorService 'taskScheduler'
2020-09-13 20:51:52.991  INFO 7184 --- [main] com.zaxxer.hikari.HikariDataSource       : HikariPool-1 - Starting...
2020-09-13 20:51:53.394  INFO 7184 --- [main] com.zaxxer.hikari.HikariDataSource       : HikariPool-1 - Start completed.
2020-09-13 20:51:53.457  INFO 7184 --- [task-1] o.hibernate.jpa.internal.util.LogHelper  : HHH000204: Processing PersistenceUnitInfo [name: default]
2020-09-13 20:51:53.521  INFO 7184 --- [task-1] org.hibernate.Version                    : HHH000412: Hibernate ORM core version 5.4.17.Final
2020-09-13 20:51:53.746  INFO 7184 --- [task-1] o.hibernate.annotations.common.Version   : HCANN000001: Hibernate Commons Annotations {5.1.0.Final}
2020-09-13 20:51:53.891  INFO 7184 --- [task-1] org.hibernate.dialect.Dialect            : HHH000400: Using dialect: org.hibernate.dialect.Oracle12cDialect
2020-09-13 20:51:55.163  INFO 7184 --- [task-1] o.h.e.t.j.p.i.JtaPlatformInitiator       : HHH000490: Using JtaPlatform implementation: [org.hibernate.engine.transaction.jta.platform.internal.NoJtaPlatform]
2020-09-13 20:51:55.175  INFO 7184 --- [task-1] j.LocalContainerEntityManagerFactoryBean : Initialized JPA EntityManagerFactory for persistence unit 'default'
2020-09-13 20:51:55.787  WARN 7184 --- [main] JpaBaseConfiguration$JpaWebConfiguration : spring.jpa.open-in-view is enabled by default. Therefore, database queries may be performed during view rendering. Explicitly configure spring.jpa.open-in-view to disable this warning
2020-09-13 20:51:56.199  INFO 7184 --- [main] o.s.b.w.embedded.tomcat.TomcatWebServer  : Tomcat started on port(s): 8080 (http) with context path '/scrp'
2020-09-13 20:51:56.201  INFO 7184 --- [main] DeferredRepositoryInitializationListener : Triggering deferred initialization of Spring Data repositories…
2020-09-13 20:51:56.423  INFO 7184 --- [main] DeferredRepositoryInitializationListener : Spring Data repositories initialized!
2020-09-13 20:51:56.434  INFO 7184 --- [main] c.mdrscr.ftpksei.ScrftpkseiApplication   : Started ScrftpkseiApplication in 5.898 seconds (JVM running for 7.635)
2020-09-13 20:51:58.755  INFO 7184 --- [RMI TCP Connection(9)-127.0.0.1] inMXBeanRegistrar$SpringApplicationAdmin : Application shutdown requested.
2020-09-13 20:51:59.668  INFO 7184 --- [RMI TCP Connection(9)-127.0.0.1] j.LocalContainerEntityManagerFactoryBean : Closing JPA EntityManagerFactory for persistence unit 'default'
2020-09-13 20:51:59.672  INFO 7184 --- [RMI TCP Connection(9)-127.0.0.1] o.s.s.c.ThreadPoolTaskScheduler          : Shutting down ExecutorService 'taskScheduler'
2020-09-13 20:51:59.673  INFO 7184 --- [RMI TCP Connection(9)-127.0.0.1] o.s.s.concurrent.ThreadPoolTaskExecutor  : Shutting down ExecutorService 'applicationTaskExecutor'
2020-09-13 20:51:59.674  INFO 7184 --- [RMI TCP Connection(9)-127.0.0.1] com.zaxxer.hikari.HikariDataSource       : HikariPool-1 - Shutdown initiated...
2020-09-13 20:51:59.857  INFO 7184 --- [RMI TCP Connection(9)-127.0.0.1] com.zaxxer.hikari.HikariDataSource       : HikariPool-1 - Shutdown completed.
