2020-09-12 11:26:59.495  INFO 28108 --- [main] c.mdrscr.ftpksei.ScrftpkseiApplication   : Starting ScrftpkseiApplication on FransMr with PID 28108 (D:\Workspace\STS-ws\scrftpksei\target\classes started by FransMa in D:\Workspace\STS-ws\scrftpksei)
2020-09-12 11:26:59.498  INFO 28108 --- [main] c.mdrscr.ftpksei.ScrftpkseiApplication   : No active profile set, falling back to default profiles: default
2020-09-12 11:27:00.181  INFO 28108 --- [main] .s.d.r.c.RepositoryConfigurationDelegate : Bootstrapping Spring Data JPA repositories in DEFERRED mode.
2020-09-12 11:27:00.269  INFO 28108 --- [main] .s.d.r.c.RepositoryConfigurationDelegate : Finished Spring Data repository scanning in 79ms. Found 8 JPA repository interfaces.
2020-09-12 11:27:00.710  INFO 28108 --- [main] o.s.b.w.embedded.tomcat.TomcatWebServer  : Tomcat initialized with port(s): 8080 (http)
2020-09-12 11:27:00.719  INFO 28108 --- [main] o.apache.catalina.core.StandardService   : Starting service [Tomcat]
2020-09-12 11:27:00.719  INFO 28108 --- [main] org.apache.catalina.core.StandardEngine  : Starting Servlet engine: [Apache Tomcat/9.0.36]
2020-09-12 11:27:00.816  INFO 28108 --- [main] o.a.c.c.C.[Tomcat].[localhost].[/scrp]   : Initializing Spring embedded WebApplicationContext
2020-09-12 11:27:00.817  INFO 28108 --- [main] w.s.c.ServletWebServerApplicationContext : Root WebApplicationContext: initialization completed in 1283 ms
2020-09-12 11:27:01.005  INFO 28108 --- [main] o.s.s.concurrent.ThreadPoolTaskExecutor  : Initializing ExecutorService 'applicationTaskExecutor'
2020-09-12 11:27:01.015  INFO 28108 --- [main] o.s.s.c.ThreadPoolTaskScheduler          : Initializing ExecutorService 'taskScheduler'
2020-09-12 11:27:01.024  INFO 28108 --- [main] com.zaxxer.hikari.HikariDataSource       : HikariPool-1 - Starting...
2020-09-12 11:27:01.712  INFO 28108 --- [main] com.zaxxer.hikari.HikariDataSource       : HikariPool-1 - Start completed.
2020-09-12 11:27:01.775  INFO 28108 --- [task-1] o.hibernate.jpa.internal.util.LogHelper  : HHH000204: Processing PersistenceUnitInfo [name: default]
2020-09-12 11:27:01.835  INFO 28108 --- [task-1] org.hibernate.Version                    : HHH000412: Hibernate ORM core version 5.4.17.Final
2020-09-12 11:27:02.019  INFO 28108 --- [task-1] o.hibernate.annotations.common.Version   : HCANN000001: Hibernate Commons Annotations {5.1.0.Final}
2020-09-12 11:27:02.122  INFO 28108 --- [task-1] org.hibernate.dialect.Dialect            : HHH000400: Using dialect: org.hibernate.dialect.Oracle12cDialect
2020-09-12 11:27:03.163  INFO 28108 --- [task-1] o.h.e.t.j.p.i.JtaPlatformInitiator       : HHH000490: Using JtaPlatform implementation: [org.hibernate.engine.transaction.jta.platform.internal.NoJtaPlatform]
2020-09-12 11:27:03.171  INFO 28108 --- [task-1] j.LocalContainerEntityManagerFactoryBean : Initialized JPA EntityManagerFactory for persistence unit 'default'
2020-09-12 11:27:03.619  WARN 28108 --- [main] JpaBaseConfiguration$JpaWebConfiguration : spring.jpa.open-in-view is enabled by default. Therefore, database queries may be performed during view rendering. Explicitly configure spring.jpa.open-in-view to disable this warning
2020-09-12 11:27:04.054  INFO 28108 --- [main] o.s.b.w.embedded.tomcat.TomcatWebServer  : Tomcat started on port(s): 8080 (http) with context path '/scrp'
2020-09-12 11:27:04.058  INFO 28108 --- [main] DeferredRepositoryInitializationListener : Triggering deferred initialization of Spring Data repositories…
2020-09-12 11:27:04.270  INFO 28108 --- [main] DeferredRepositoryInitializationListener : Spring Data repositories initialized!
2020-09-12 11:27:04.284  INFO 28108 --- [main] c.mdrscr.ftpksei.ScrftpkseiApplication   : Started ScrftpkseiApplication in 5.152 seconds (JVM running for 6.653)
2020-09-12 11:27:06.233  INFO 28108 --- [RMI TCP Connection(9)-127.0.0.1] inMXBeanRegistrar$SpringApplicationAdmin : Application shutdown requested.
2020-09-12 11:27:07.414  INFO 28108 --- [RMI TCP Connection(9)-127.0.0.1] j.LocalContainerEntityManagerFactoryBean : Closing JPA EntityManagerFactory for persistence unit 'default'
2020-09-12 11:27:07.417  INFO 28108 --- [RMI TCP Connection(9)-127.0.0.1] o.s.s.c.ThreadPoolTaskScheduler          : Shutting down ExecutorService 'taskScheduler'
2020-09-12 11:27:07.418  INFO 28108 --- [RMI TCP Connection(9)-127.0.0.1] o.s.s.concurrent.ThreadPoolTaskExecutor  : Shutting down ExecutorService 'applicationTaskExecutor'
2020-09-12 11:27:07.420  INFO 28108 --- [RMI TCP Connection(9)-127.0.0.1] com.zaxxer.hikari.HikariDataSource       : HikariPool-1 - Shutdown initiated...
2020-09-12 11:27:07.631  INFO 28108 --- [RMI TCP Connection(9)-127.0.0.1] com.zaxxer.hikari.HikariDataSource       : HikariPool-1 - Shutdown completed.
2020-09-12 11:56:28.116  INFO 32644 --- [main] c.mdrscr.ftpksei.ScrftpkseiApplication   : Starting ScrftpkseiApplication on FransMr with PID 32644 (D:\Workspace\STS-ws\scrftpksei\target\classes started by FransMa in D:\Workspace\STS-ws\scrftpksei)
2020-09-12 11:56:28.220  INFO 32644 --- [main] c.mdrscr.ftpksei.ScrftpkseiApplication   : No active profile set, falling back to default profiles: default
2020-09-12 11:56:28.838  INFO 32644 --- [main] .s.d.r.c.RepositoryConfigurationDelegate : Bootstrapping Spring Data JPA repositories in DEFERRED mode.
2020-09-12 11:56:28.909  INFO 32644 --- [main] .s.d.r.c.RepositoryConfigurationDelegate : Finished Spring Data repository scanning in 65ms. Found 8 JPA repository interfaces.
2020-09-12 11:56:29.454  INFO 32644 --- [main] o.s.b.w.embedded.tomcat.TomcatWebServer  : Tomcat initialized with port(s): 8080 (http)
2020-09-12 11:56:29.465  INFO 32644 --- [main] o.apache.catalina.core.StandardService   : Starting service [Tomcat]
2020-09-12 11:56:29.465  INFO 32644 --- [main] org.apache.catalina.core.StandardEngine  : Starting Servlet engine: [Apache Tomcat/9.0.36]
2020-09-12 11:56:29.629  INFO 32644 --- [main] o.a.c.c.C.[Tomcat].[localhost].[/scrp]   : Initializing Spring embedded WebApplicationContext
2020-09-12 11:56:29.629  INFO 32644 --- [main] w.s.c.ServletWebServerApplicationContext : Root WebApplicationContext: initialization completed in 1360 ms
2020-09-12 11:56:29.830  INFO 32644 --- [main] o.s.s.concurrent.ThreadPoolTaskExecutor  : Initializing ExecutorService 'applicationTaskExecutor'
2020-09-12 11:56:29.840  INFO 32644 --- [main] o.s.s.c.ThreadPoolTaskScheduler          : Initializing ExecutorService 'taskScheduler'
2020-09-12 11:56:29.847  INFO 32644 --- [main] com.zaxxer.hikari.HikariDataSource       : HikariPool-1 - Starting...
2020-09-12 11:56:30.134  INFO 32644 --- [main] com.zaxxer.hikari.HikariDataSource       : HikariPool-1 - Start completed.
2020-09-12 11:56:30.191  INFO 32644 --- [task-1] o.hibernate.jpa.internal.util.LogHelper  : HHH000204: Processing PersistenceUnitInfo [name: default]
2020-09-12 11:56:30.251  INFO 32644 --- [task-1] org.hibernate.Version                    : HHH000412: Hibernate ORM core version 5.4.17.Final
2020-09-12 11:56:30.473  INFO 32644 --- [task-1] o.hibernate.annotations.common.Version   : HCANN000001: Hibernate Commons Annotations {5.1.0.Final}
2020-09-12 11:56:30.606  INFO 32644 --- [task-1] org.hibernate.dialect.Dialect            : HHH000400: Using dialect: org.hibernate.dialect.Oracle12cDialect
2020-09-12 11:56:31.355  INFO 32644 --- [task-1] o.h.e.t.j.p.i.JtaPlatformInitiator       : HHH000490: Using JtaPlatform implementation: [org.hibernate.engine.transaction.jta.platform.internal.NoJtaPlatform]
2020-09-12 11:56:31.362  INFO 32644 --- [task-1] j.LocalContainerEntityManagerFactoryBean : Initialized JPA EntityManagerFactory for persistence unit 'default'
2020-09-12 11:56:31.912  WARN 32644 --- [main] JpaBaseConfiguration$JpaWebConfiguration : spring.jpa.open-in-view is enabled by default. Therefore, database queries may be performed during view rendering. Explicitly configure spring.jpa.open-in-view to disable this warning
2020-09-12 11:56:32.315  INFO 32644 --- [main] o.s.b.w.embedded.tomcat.TomcatWebServer  : Tomcat started on port(s): 8080 (http) with context path '/scrp'
2020-09-12 11:56:32.317  INFO 32644 --- [main] DeferredRepositoryInitializationListener : Triggering deferred initialization of Spring Data repositories…
2020-09-12 11:56:32.473  INFO 32644 --- [main] DeferredRepositoryInitializationListener : Spring Data repositories initialized!
2020-09-12 11:56:32.484  INFO 32644 --- [main] c.mdrscr.ftpksei.ScrftpkseiApplication   : Started ScrftpkseiApplication in 4.697 seconds (JVM running for 6.368)
2020-09-12 11:56:34.612  INFO 32644 --- [RMI TCP Connection(7)-127.0.0.1] inMXBeanRegistrar$SpringApplicationAdmin : Application shutdown requested.
2020-09-12 11:56:35.665  INFO 32644 --- [RMI TCP Connection(7)-127.0.0.1] j.LocalContainerEntityManagerFactoryBean : Closing JPA EntityManagerFactory for persistence unit 'default'
2020-09-12 11:56:35.669  INFO 32644 --- [RMI TCP Connection(7)-127.0.0.1] o.s.s.c.ThreadPoolTaskScheduler          : Shutting down ExecutorService 'taskScheduler'
2020-09-12 11:56:35.670  INFO 32644 --- [RMI TCP Connection(7)-127.0.0.1] o.s.s.concurrent.ThreadPoolTaskExecutor  : Shutting down ExecutorService 'applicationTaskExecutor'
2020-09-12 11:56:35.671  INFO 32644 --- [RMI TCP Connection(7)-127.0.0.1] com.zaxxer.hikari.HikariDataSource       : HikariPool-1 - Shutdown initiated...
2020-09-12 11:56:35.865  INFO 32644 --- [RMI TCP Connection(7)-127.0.0.1] com.zaxxer.hikari.HikariDataSource       : HikariPool-1 - Shutdown completed.
2020-09-12 12:18:03.708  INFO 22496 --- [main] c.mdrscr.ftpksei.ScrftpkseiApplication   : Starting ScrftpkseiApplication on FransMr with PID 22496 (D:\Workspace\STS-ws\scrftpksei\target\classes started by FransMa in D:\Workspace\STS-ws\scrftpksei)
2020-09-12 12:18:03.819  INFO 22496 --- [main] c.mdrscr.ftpksei.ScrftpkseiApplication   : No active profile set, falling back to default profiles: default
2020-09-12 12:18:04.662  INFO 22496 --- [main] .s.d.r.c.RepositoryConfigurationDelegate : Bootstrapping Spring Data JPA repositories in DEFERRED mode.
2020-09-12 12:18:04.876  INFO 22496 --- [main] .s.d.r.c.RepositoryConfigurationDelegate : Finished Spring Data repository scanning in 87ms. Found 8 JPA repository interfaces.
2020-09-12 12:18:05.393  INFO 22496 --- [main] o.s.b.w.embedded.tomcat.TomcatWebServer  : Tomcat initialized with port(s): 8080 (http)
2020-09-12 12:18:05.401  INFO 22496 --- [main] o.apache.catalina.core.StandardService   : Starting service [Tomcat]
2020-09-12 12:18:05.402  INFO 22496 --- [main] org.apache.catalina.core.StandardEngine  : Starting Servlet engine: [Apache Tomcat/9.0.36]
2020-09-12 12:18:05.516  INFO 22496 --- [main] o.a.c.c.C.[Tomcat].[localhost].[/scrp]   : Initializing Spring embedded WebApplicationContext
2020-09-12 12:18:05.517  INFO 22496 --- [main] w.s.c.ServletWebServerApplicationContext : Root WebApplicationContext: initialization completed in 1631 ms
2020-09-12 12:18:05.763  INFO 22496 --- [main] o.s.s.concurrent.ThreadPoolTaskExecutor  : Initializing ExecutorService 'applicationTaskExecutor'
2020-09-12 12:18:05.773  INFO 22496 --- [main] o.s.s.c.ThreadPoolTaskScheduler          : Initializing ExecutorService 'taskScheduler'
2020-09-12 12:18:05.783  INFO 22496 --- [main] com.zaxxer.hikari.HikariDataSource       : HikariPool-1 - Starting...
2020-09-12 12:18:06.485  INFO 22496 --- [main] com.zaxxer.hikari.HikariDataSource       : HikariPool-1 - Start completed.
2020-09-12 12:18:06.542  INFO 22496 --- [task-1] o.hibernate.jpa.internal.util.LogHelper  : HHH000204: Processing PersistenceUnitInfo [name: default]
2020-09-12 12:18:06.607  INFO 22496 --- [task-1] org.hibernate.Version                    : HHH000412: Hibernate ORM core version 5.4.17.Final
2020-09-12 12:18:06.817  INFO 22496 --- [task-1] o.hibernate.annotations.common.Version   : HCANN000001: Hibernate Commons Annotations {5.1.0.Final}
2020-09-12 12:18:06.956  INFO 22496 --- [task-1] org.hibernate.dialect.Dialect            : HHH000400: Using dialect: org.hibernate.dialect.Oracle12cDialect
2020-09-12 12:18:07.798  INFO 22496 --- [task-1] o.h.e.t.j.p.i.JtaPlatformInitiator       : HHH000490: Using JtaPlatform implementation: [org.hibernate.engine.transaction.jta.platform.internal.NoJtaPlatform]
2020-09-12 12:18:07.804  INFO 22496 --- [task-1] j.LocalContainerEntityManagerFactoryBean : Initialized JPA EntityManagerFactory for persistence unit 'default'
2020-09-12 12:18:08.208  WARN 22496 --- [main] JpaBaseConfiguration$JpaWebConfiguration : spring.jpa.open-in-view is enabled by default. Therefore, database queries may be performed during view rendering. Explicitly configure spring.jpa.open-in-view to disable this warning
2020-09-12 12:18:08.576  INFO 22496 --- [main] o.s.b.w.embedded.tomcat.TomcatWebServer  : Tomcat started on port(s): 8080 (http) with context path '/scrp'
2020-09-12 12:18:08.578  INFO 22496 --- [main] DeferredRepositoryInitializationListener : Triggering deferred initialization of Spring Data repositories…
2020-09-12 12:18:08.803  INFO 22496 --- [main] DeferredRepositoryInitializationListener : Spring Data repositories initialized!
2020-09-12 12:18:08.844  INFO 22496 --- [main] c.mdrscr.ftpksei.ScrftpkseiApplication   : Started ScrftpkseiApplication in 5.673 seconds (JVM running for 7.073)
2020-09-12 12:30:00.002  INFO 22496 --- [scheduling-1] c.m.ftpksei.scheduler.ScheduledTasks     : FtpOutKsei started
2020-09-12 12:31:55.788  INFO 22496 --- [RMI TCP Connection(25)-127.0.0.1] inMXBeanRegistrar$SpringApplicationAdmin : Application shutdown requested.
2020-09-12 12:31:56.615  INFO 22496 --- [RMI TCP Connection(25)-127.0.0.1] j.LocalContainerEntityManagerFactoryBean : Closing JPA EntityManagerFactory for persistence unit 'default'
2020-09-12 12:31:56.618  INFO 22496 --- [RMI TCP Connection(25)-127.0.0.1] o.s.s.c.ThreadPoolTaskScheduler          : Shutting down ExecutorService 'taskScheduler'
2020-09-12 12:31:56.619  INFO 22496 --- [RMI TCP Connection(25)-127.0.0.1] o.s.s.concurrent.ThreadPoolTaskExecutor  : Shutting down ExecutorService 'applicationTaskExecutor'
2020-09-12 12:31:56.619  INFO 22496 --- [RMI TCP Connection(25)-127.0.0.1] com.zaxxer.hikari.HikariDataSource       : HikariPool-1 - Shutdown initiated...
2020-09-12 12:31:56.805  INFO 22496 --- [RMI TCP Connection(25)-127.0.0.1] com.zaxxer.hikari.HikariDataSource       : HikariPool-1 - Shutdown completed.
